1647023539084	geckodriver	INFO	Listening on 127.0.0.1:59635
1647023539105	mozrunner::runner	INFO	Running command: "/usr/bin/firefox" "--marionette" "--remote-debugging-port" "45971" "-no-remote" "-profile" "/tmp/rust_mozprofile2YrFHF"
ATTENTION: default value of option mesa_glthread overridden by environment.
ATTENTION: default value of option mesa_glthread overridden by environment.
ATTENTION: default value of option mesa_glthread overridden by environment.
ATTENTION: default value of option mesa_glthread overridden by environment.
1647023540510	Marionette	INFO	Marionette enabled
console.warn: SearchSettings: "get: No settings file exists, new profile?" (new NotFoundError("Could not open the file at /tmp/rust_mozprofile2YrFHF/search.json.mozlz4", (void 0)))
DevTools listening on ws://localhost:45971/devtools/browser/c8b4604d-5f30-4363-9f6b-55dbac6b22d5
1647023542231	Marionette	INFO	Listening on port 39631
Read port: 39631
1647023542331	RemoteAgent	WARN	TLS certificate errors will be ignored for this session
JavaScript error: , line 0: uncaught exception: Object
console.warn: LoginRecipes: "getRecipes: falling back to a synchronous message for:" "https://portaloficinas.qa.zallpysw.com"
console.warn: LoginRecipes: "getRecipes: falling back to a synchronous message for:" "https://portaloficinas.qa.zallpysw.com"
JavaScript error: resource://gre/modules/LoginManagerParent.jsm, line 136: TypeError: gRecipeManager is null
console.warn: LoginRecipes: "getRecipes: falling back to a synchronous message for:" "https://portaloficinas.qa.zallpysw.com"
JavaScript error: resource://gre/modules/LoginManagerParent.jsm, line 136: TypeError: gRecipeManager is null
console.warn: LoginRecipes: "getRecipes: falling back to a synchronous message for:" "https://portaloficinas.qa.zallpysw.com"
JavaScript error: resource://gre/modules/LoginManagerParent.jsm, line 136: TypeError: gRecipeManager is null
console.warn: LoginRecipes: "getRecipes: falling back to a synchronous message for:" "https://portaloficinas.qa.zallpysw.com"
JavaScript error: resource://gre/modules/LoginManagerParent.jsm, line 136: TypeError: gRecipeManager is null
1647023682824	Marionette	INFO	Stopped listening on port 39631

###!!! [Parent][PImageBridgeParent] Error: RunMessage(msgname=PImageBridge::Msg_WillClose) Channel closing: too late to send/recv, messages will be lost

